Arguments: 
  E:\node\node.exe C:\Users\Administrator\AppData\Roaming\npm\node_modules\yarn\bin\yarn.js publish

PATH: 
  C:\Program Files (x86)\NVIDIA Corporation\PhysX\Common;C:\Windows\system32;C:\Windows;C:\Windows\System32\Wbem;C:\Windows\System32\WindowsPowerShell\v1.0\;C:\Windows\System32\OpenSSH\;C:\Program Files\NVIDIA Corporation\NVIDIA NvDLISR;E:\node\;C:\Program Files\TortoiseSVN\bin;C:\Program Files\dotnet\;E:\Git\cmd;C:\Users\Administrator\AppData\Local\Microsoft\WindowsApps;;E:\Microsoft VS Code\bin;C:\Users\Administrator\AppData\Roaming\npm;C:\Users\Administrator\AppData\Roaming\搜狐影音\7.0.0.0;C:\Users\Administrator\.dotnet\tools

Yarn version: 
  1.22.11

Node version: 
  14.17.0

Platform: 
  win32 x64

Trace: 
  Error: canceled
      at Interface.<anonymous> (C:\Users\Administrator\AppData\Roaming\npm\node_modules\yarn\lib\cli.js:137023:13)
      at Interface.emit (events.js:376:20)
      at Interface._ttyWrite (readline.js:880:16)
      at ReadStream.onkeypress (readline.js:213:10)
      at ReadStream.emit (events.js:376:20)
      at emitKeys (internal/readline/utils.js:345:14)
      at emitKeys.next (<anonymous>)
      at ReadStream.onData (readline.js:1149:36)
      at ReadStream.emit (events.js:376:20)
      at addChunk (internal/streams/readable.js:309:12)

npm manifest: 
  {
    "name": "static-compile",
    "version": "1.0.0",
    "description": "",
    "main": "./lib/index.js",
    "bin": "./bin/cli.js",
    "directories": {
      "lib": "lib"
    },
    "files": [
      "lib",
      "bin"
    ],
    "repository": {
      "type": "git",
      "url": "git+https://github.com/Forevercyqn/static-complie.git"
    },
    "scripts": {
      "test": "echo \"Error: no test specified\" && exit 1"
    },
    "dependencies": {
      "@babel/core": "^7.5.5",
      "@babel/preset-env": "^7.5.5",
      "browser-sync": "^2.27.7",
      "del": "^5.1.0",
      "gulp": "^4.0.2",
      "gulp-babel": "^8.0.0",
      "gulp-clean-css": "^4.3.0",
      "gulp-htmlmin": "^5.0.1",
      "gulp-if": "^3.0.0",
      "gulp-imagemin": "^6.1.0",
      "gulp-load-plugins": "^2.0.1",
      "gulp-sass": "^4.0.2",
      "gulp-swig": "^0.9.1",
      "gulp-uglify": "^3.0.2",
      "gulp-useref": "^3.1.6"
    },
    "devDependencies": {
      "standard": "^16.0.4"
    },
    "keywords": [
      "compile",
      "static",
      "webs"
    ],
    "homepage": "",
    "author": "ceilghost",
    "license": "MIT"
  }

yarn manifest: 
  No manifest

Lockfile: 
  No lockfile
